<?xml version="1.0" encoding="UTF-8"?>
<!-- Generated by org.testng.reporters.JUnitReportReporter -->
<testsuite hostname="LAPTOP-9NF5N62B" failures="0" tests="1" name="testcases.Borrow" time="3.579" errors="0" timestamp="2021-03-04T19:04:29 IST" skipped="0">
  <testcase classname="testcases.Borrow" name="Borrowser" time="3.579"/>
  <system-out/>
</testsuite> <!-- testcases.Borrow -->
