<?xml version="1.0" encoding="UTF-8"?>
<!-- Generated by org.testng.reporters.JUnitReportReporter -->
<testsuite hostname="LAPTOP-9NF5N62B" failures="0" tests="1" name="helloworld.tngclass" time="6.757" errors="0" timestamp="2021-02-02T18:39:35 IST" skipped="0">
  <testcase classname="helloworld.tngclass" name="f" time="6.757"/>
  <system-out/>
</testsuite> <!-- helloworld.tngclass -->
