<?xml version="1.0" encoding="UTF-8"?>
<!-- Generated by org.testng.reporters.JUnitReportReporter -->
<testsuite hostname="LAPTOP-9NF5N62B" failures="0" tests="1" name="helloworld.calander" time="35.054" errors="0" timestamp="2021-03-03T13:38:48 IST" skipped="0">
  <testcase classname="helloworld.calander" name="travels" time="35.054"/>
  <system-out/>
</testsuite> <!-- helloworld.calander -->
